# Preference setting overrides
gui_create_pref_key -category {Globals} -key {load_detail_for_funcov} -value_type {bool} -value {false}
gui_create_pref_category -category {schem_obj_name}
gui_create_pref_key -category {schem_obj_name} -key {show_cell_and_pin_with_symbol_name} -value_type {bool} -value {false}
gui_create_pref_key -category {schem_pin_hc} -key {textExtFont} -value_type {string} -value {Helvetica,10,-1,5,50,0,0,0,0,0}

# State setting overrides
gui_state_default_create -off -ini
gui_set_state_value -category Globals -key recent_databases -value {{gui_open_db -file vcdplus.vpd}}
gui_set_state_value -category Globals -key recent_sessions -value {{gui_load_session -ignore_errors -file /home/Top/Desktop/advanced_adder/DVEfiles/dve_checkpoint_6250_1.tcl}}
gui_set_state_value -category Layout -key child_console_size_x -value 1891
gui_set_state_value -category Layout -key child_console_size_y -value 261
gui_set_state_value -category Layout -key child_data_size_x -value 176
gui_set_state_value -category Layout -key child_data_size_y -value 639
gui_set_state_value -category Layout -key child_driver_size_x -value 1622
gui_set_state_value -category Layout -key child_driver_size_y -value 264
gui_set_state_value -category Layout -key child_hier_col3 -value {-1}
gui_set_state_value -category Layout -key child_hier_colpd -value 0
gui_set_state_value -category Layout -key child_hier_size_x -value 140
gui_set_state_value -category Layout -key child_hier_size_y -value 639
gui_set_state_value -category Layout -key child_schematic_docknewline -value false
gui_set_state_value -category Layout -key child_schematic_pos_x -value {-2}
gui_set_state_value -category Layout -key child_schematic_pos_y -value {-15}
gui_set_state_value -category Layout -key child_schematic_size_x -value 1572
gui_set_state_value -category Layout -key child_schematic_size_y -value 634
gui_set_state_value -category Layout -key child_source_docknewline -value false
gui_set_state_value -category Layout -key child_source_pos_x -value {-2}
gui_set_state_value -category Layout -key child_source_pos_y -value {-15}
gui_set_state_value -category Layout -key child_source_size_x -value 1578
gui_set_state_value -category Layout -key child_source_size_y -value 634
gui_set_state_value -category Layout -key child_wave_colname -value 197
gui_set_state_value -category Layout -key child_wave_colvalue -value 197
gui_set_state_value -category Layout -key child_wave_left -value 399
gui_set_state_value -category Layout -key child_wave_right -value 972
gui_set_state_value -category Layout -key main_pos_x -value 24
gui_set_state_value -category Layout -key main_pos_y -value 75
gui_set_state_value -category Layout -key main_size_x -value 1915
gui_set_state_value -category Layout -key main_size_y -value 1050
gui_set_state_value -category Layout -key stand_wave_child_docknewline -value false
gui_set_state_value -category Layout -key stand_wave_child_pos_x -value {-2}
gui_set_state_value -category Layout -key stand_wave_child_pos_y -value {-15}
gui_set_state_value -category Layout -key stand_wave_child_size_x -value 1381
gui_set_state_value -category Layout -key stand_wave_child_size_y -value 742
gui_set_state_value -category Layout -key stand_wave_top_pos_x -value 293
gui_set_state_value -category Layout -key stand_wave_top_pos_y -value 160
gui_set_state_value -category Layout -key stand_wave_top_size_x -value 1669
gui_set_state_value -category Layout -key stand_wave_top_size_y -value 1006
gui_create_state_key -category FindDialog -key m_pMatchCase -value_type bool -value false
gui_create_state_key -category FindDialog -key m_pMatchWord -value_type bool -value false
gui_create_state_key -category FindDialog -key m_pUseCombo -value_type string -value {}
gui_create_state_key -category FindDialog -key m_pWrapAround -value_type bool -value true
gui_create_state_key -category Widget_History -key {dlgSimSetup|m_setupTab|tab pages|SimTab|m_VPDCombo} -value_type string -value inter.vpd
gui_create_state_key -category Widget_History -key {dlgSimSetup|m_setupTab|tab pages|SimTab|m_curDirCombo} -value_type string -value {/home/IC/Desktop /home/IC/Project/Full_Adder/sim /home/IC/Project/Full_Adder}
gui_create_state_key -category Widget_History -key {dlgSimSetup|m_setupTab|tab pages|SimTab|m_exeCombo} -value_type string -value {../Project/Full_Adder/sim/simv simv}
gui_state_default_create -off

# Begin command logging
gui_open_db -file vcdplus.vpd
gui_open_window Wave
gui_list_add -id Wave.1 -from Hier.1 { FIFO_tb } -insertionbar
gui_marker_move -id  Wave.1 C1 73
gui_zoom -window Wave.1 -full
gui_list_expand -id  Hier.1   FIFO_tb
gui_list_select -id Hier.1 -current_item_name FIFO_tb.u0_FIFO -current_item_type Scope  -selected  { FIFO_tb.u0_FIFO   }
gui_list_add -id Wave.1 -from Hier.1 { FIFO_tb.u0_FIFO } -insertionbar
gui_close_window -window TopLevel.2
